  [1m[35m (6.6ms)[0m  [1m[35mCREATE TABLE "schema_migrations" ("version" character varying NOT NULL PRIMARY KEY)[0m
  [1m[35m (2.1ms)[0m  [1m[35mCREATE TABLE "ar_internal_metadata" ("key" character varying NOT NULL PRIMARY KEY, "value" character varying, "created_at" timestamp NOT NULL, "updated_at" timestamp NOT NULL)[0m
  [1m[35m (0.1ms)[0m  [1m[34mSELECT pg_try_advisory_lock(5277929974492897470)[0m
  [1m[35m (0.4ms)[0m  [1m[34mSELECT "schema_migrations"."version" FROM "schema_migrations" ORDER BY "schema_migrations"."version" ASC[0m
  [1m[36mActiveRecord::InternalMetadata Load (0.2ms)[0m  [1m[34mSELECT  "ar_internal_metadata".* FROM "ar_internal_metadata" WHERE "ar_internal_metadata"."key" = $1 LIMIT $2[0m  [["key", "environment"], ["LIMIT", 1]]
  [1m[35m (0.1ms)[0m  [1m[35mBEGIN[0m
  [1m[35mSQL (0.3ms)[0m  [1m[32mINSERT INTO "ar_internal_metadata" ("key", "value", "created_at", "updated_at") VALUES ($1, $2, $3, $4) RETURNING "key"[0m  [["key", "environment"], ["value", "development"], ["created_at", "2017-12-06 23:46:04.624321"], ["updated_at", "2017-12-06 23:46:04.624321"]]
  [1m[35m (0.3ms)[0m  [1m[35mCOMMIT[0m
  [1m[35m (0.1ms)[0m  [1m[34mSELECT pg_advisory_unlock(5277929974492897470)[0m
  [1m[35m (0.3ms)[0m  [1m[34mSELECT "schema_migrations"."version" FROM "schema_migrations" ORDER BY "schema_migrations"."version" ASC[0m
  [1m[35m (0.1ms)[0m  [1m[34mSELECT pg_try_advisory_lock(5277929974492897470)[0m
  [1m[35m (0.7ms)[0m  [1m[34mSELECT "schema_migrations"."version" FROM "schema_migrations" ORDER BY "schema_migrations"."version" ASC[0m
Migrating to CreateUsernames (20171206235616)
  [1m[35m (0.2ms)[0m  [1m[34mSELECT pg_advisory_unlock(5277929974492897470)[0m
  [1m[35m (0.1ms)[0m  [1m[34mSELECT pg_try_advisory_lock(5277929974492897470)[0m
  [1m[35m (0.4ms)[0m  [1m[34mSELECT "schema_migrations"."version" FROM "schema_migrations" ORDER BY "schema_migrations"."version" ASC[0m
Migrating to CreateUser (20171206235616)
  [1m[35m (0.2ms)[0m  [1m[34mSELECT pg_advisory_unlock(5277929974492897470)[0m
  [1m[35m (0.1ms)[0m  [1m[34mSELECT pg_try_advisory_lock(5277929974492897470)[0m
  [1m[35m (0.4ms)[0m  [1m[34mSELECT "schema_migrations"."version" FROM "schema_migrations" ORDER BY "schema_migrations"."version" ASC[0m
Migrating to CreateUsers (20171207000131)
  [1m[35m (0.1ms)[0m  [1m[35mBEGIN[0m
  [1m[35m (9.7ms)[0m  [1m[35mCREATE TABLE "users" ("id" bigserial primary key, "username" character varying, "password_digest" character varying, "confirm_password" character varying, "created_at" timestamp NOT NULL, "updated_at" timestamp NOT NULL)[0m
  [1m[35mSQL (2.0ms)[0m  [1m[32mINSERT INTO "schema_migrations" ("version") VALUES ($1) RETURNING "version"[0m  [["version", "20171207000131"]]
  [1m[35m (0.5ms)[0m  [1m[35mCOMMIT[0m
  [1m[36mActiveRecord::InternalMetadata Load (0.2ms)[0m  [1m[34mSELECT  "ar_internal_metadata".* FROM "ar_internal_metadata" WHERE "ar_internal_metadata"."key" = $1 LIMIT $2[0m  [["key", "environment"], ["LIMIT", 1]]
  [1m[35m (0.1ms)[0m  [1m[35mBEGIN[0m
  [1m[35m (0.1ms)[0m  [1m[35mCOMMIT[0m
  [1m[35m (0.1ms)[0m  [1m[34mSELECT pg_advisory_unlock(5277929974492897470)[0m
  [1m[35m (0.3ms)[0m  [1m[34mSELECT "schema_migrations"."version" FROM "schema_migrations" ORDER BY "schema_migrations"."version" ASC[0m
  [1m[35m (0.1ms)[0m  [1m[34mSELECT pg_try_advisory_lock(5277929974492897470)[0m
  [1m[35m (0.5ms)[0m  [1m[34mSELECT "schema_migrations"."version" FROM "schema_migrations" ORDER BY "schema_migrations"."version" ASC[0m
Migrating to CreateEntries (20171207032414)
  [1m[35m (0.2ms)[0m  [1m[35mBEGIN[0m
  [1m[35m (60.0ms)[0m  [1m[35mCREATE TABLE "entries" ("id" bigserial primary key, "date" character varying, "weighIn" character varying, "caloricGoal" character varying, "fatGoal" character varying, "carbGoal" character varying, "proteinGoal" character varying, "actualCalories" character varying, "actualFat" character varying, "actualCarb" character varying, "actualProtein" character varying, "progress" character varying, "day" character varying, "user_id" bigint, "created_at" timestamp NOT NULL, "updated_at" timestamp NOT NULL, CONSTRAINT "fk_rails_99dc12d4fd"
FOREIGN KEY ("user_id")
  REFERENCES "users" ("id")
)[0m
  [1m[35m (10.5ms)[0m  [1m[35mCREATE  INDEX  "index_entries_on_user_id" ON "entries"  ("user_id")[0m
  [1m[35mSQL (0.3ms)[0m  [1m[32mINSERT INTO "schema_migrations" ("version") VALUES ($1) RETURNING "version"[0m  [["version", "20171207032414"]]
  [1m[35m (4.0ms)[0m  [1m[35mCOMMIT[0m
  [1m[36mActiveRecord::InternalMetadata Load (0.2ms)[0m  [1m[34mSELECT  "ar_internal_metadata".* FROM "ar_internal_metadata" WHERE "ar_internal_metadata"."key" = $1 LIMIT $2[0m  [["key", "environment"], ["LIMIT", 1]]
  [1m[35m (0.1ms)[0m  [1m[35mBEGIN[0m
  [1m[35m (0.1ms)[0m  [1m[35mCOMMIT[0m
  [1m[35m (0.2ms)[0m  [1m[34mSELECT pg_advisory_unlock(5277929974492897470)[0m
  [1m[35m (0.2ms)[0m  [1m[34mSELECT "schema_migrations"."version" FROM "schema_migrations" ORDER BY "schema_migrations"."version" ASC[0m
  [1m[35m (0.1ms)[0m  [1m[34mSELECT pg_try_advisory_lock(5277929974492897470)[0m
  [1m[35m (6.7ms)[0m  [1m[34mSELECT "schema_migrations"."version" FROM "schema_migrations" ORDER BY "schema_migrations"."version" ASC[0m
Migrating to CreateProfiles (20171207035812)
  [1m[35m (0.1ms)[0m  [1m[35mBEGIN[0m
  [1m[35m (30.5ms)[0m  [1m[35mCREATE TABLE "profiles" ("id" bigserial primary key, "full_name" character varying, "email" character varying, "gender" character varying, "age" integer, "weight" integer, "height" decimal, "activty_level" character varying, "goal" integer, "length" character varying, "deadlift" integer, "squat" integer, "overhead_press" integer, "bench_press" integer, "user_id" bigint, "created_at" timestamp NOT NULL, "updated_at" timestamp NOT NULL, CONSTRAINT "fk_rails_e424190865"
FOREIGN KEY ("user_id")
  REFERENCES "users" ("id")
)[0m
  [1m[35m (1.1ms)[0m  [1m[35mCREATE  INDEX  "index_profiles_on_user_id" ON "profiles"  ("user_id")[0m
  [1m[35mSQL (0.3ms)[0m  [1m[32mINSERT INTO "schema_migrations" ("version") VALUES ($1) RETURNING "version"[0m  [["version", "20171207035812"]]
  [1m[35m (0.7ms)[0m  [1m[35mCOMMIT[0m
  [1m[36mActiveRecord::InternalMetadata Load (0.3ms)[0m  [1m[34mSELECT  "ar_internal_metadata".* FROM "ar_internal_metadata" WHERE "ar_internal_metadata"."key" = $1 LIMIT $2[0m  [["key", "environment"], ["LIMIT", 1]]
  [1m[35m (0.2ms)[0m  [1m[35mBEGIN[0m
  [1m[35m (0.1ms)[0m  [1m[35mCOMMIT[0m
  [1m[35m (0.2ms)[0m  [1m[34mSELECT pg_advisory_unlock(5277929974492897470)[0m
  [1m[35m (0.2ms)[0m  [1m[34mSELECT "schema_migrations"."version" FROM "schema_migrations" ORDER BY "schema_migrations"."version" ASC[0m
Started GET "/" for 127.0.0.1 at 2017-12-06 21:10:31 -0800
  [1m[35m (0.8ms)[0m  [1m[34mSELECT "schema_migrations"."version" FROM "schema_migrations" ORDER BY "schema_migrations"."version" ASC[0m
  
SyntaxError (/Users/KenDomine/wdi/project-3-kendomine/app/helpers/profiles_helper.rb:3: syntax error, unexpected ':', expecting ')'
mail, :age, :height, :weight :activty_level)
                              ^):
  
app/helpers/profiles_helper.rb:3: syntax error, unexpected ':', expecting ')'
app/controllers/application_controller.rb:1:in `<top (required)>'
app/controllers/users_controller.rb:1:in `<top (required)>'
Started GET "/" for 127.0.0.1 at 2017-12-06 21:11:10 -0800
  
SyntaxError (/Users/KenDomine/wdi/project-3-kendomine/app/helpers/profiles_helper.rb:10: syntax error, unexpected keyword_end, expecting end-of-input):
  
app/helpers/profiles_helper.rb:10: syntax error, unexpected keyword_end, expecting end-of-input
app/controllers/application_controller.rb:1:in `<top (required)>'
app/controllers/users_controller.rb:1:in `<top (required)>'
Started GET "/" for 127.0.0.1 at 2017-12-06 21:11:37 -0800
Processing by UsersController#index as HTML
  Rendering users/index.html.erb within layouts/application
  Rendered users/index.html.erb within layouts/application (0.3ms)
  [1m[36mUser Load (2.2ms)[0m  [1m[34mSELECT  "users".* FROM "users" WHERE "users"."id" IS NULL LIMIT $1[0m  [["LIMIT", 1]]
  [1m[36mCACHE User Load (0.0ms)[0m  [1m[34mSELECT  "users".* FROM "users" WHERE "users"."id" IS NULL LIMIT $1[0m  [["LIMIT", 1]]
  Rendered layouts/_nav.html.erb (15.3ms)
Completed 200 OK in 724ms (Views: 719.0ms | ActiveRecord: 3.6ms)


Started GET "/" for 127.0.0.1 at 2017-12-06 21:12:50 -0800
Processing by UsersController#index as HTML
  Rendering users/index.html.erb within layouts/application
  Rendered users/index.html.erb within layouts/application (0.3ms)
  [1m[36mUser Load (0.6ms)[0m  [1m[34mSELECT  "users".* FROM "users" WHERE "users"."id" IS NULL LIMIT $1[0m  [["LIMIT", 1]]
  [1m[36mCACHE User Load (0.0ms)[0m  [1m[34mSELECT  "users".* FROM "users" WHERE "users"."id" IS NULL LIMIT $1[0m  [["LIMIT", 1]]
  Rendered layouts/_nav.html.erb (2.7ms)
Completed 200 OK in 26ms (Views: 24.0ms | ActiveRecord: 0.6ms)


Started GET "/login" for 127.0.0.1 at 2017-12-06 21:12:58 -0800
Processing by SessionsController#new as HTML
  Rendering sessions/new.html.erb within layouts/application
  Rendered sessions/new.html.erb within layouts/application (12.0ms)
  [1m[36mUser Load (0.3ms)[0m  [1m[34mSELECT  "users".* FROM "users" WHERE "users"."id" IS NULL LIMIT $1[0m  [["LIMIT", 1]]
  [1m[36mCACHE User Load (0.0ms)[0m  [1m[34mSELECT  "users".* FROM "users" WHERE "users"."id" IS NULL LIMIT $1[0m  [["LIMIT", 1]]
  Rendered layouts/_nav.html.erb (1.9ms)
Completed 200 OK in 50ms (Views: 36.1ms | ActiveRecord: 3.0ms)


Started POST "/login" for 127.0.0.1 at 2017-12-06 21:13:01 -0800
Processing by SessionsController#create as JS
  Parameters: {"utf8"=>"✓", "authenticity_token"=>"wihWOIlriZLB4k9kqrByYg84NUIPeJ6Tg0Z30QEroLfiwqNp0wX4BTNn94rzy1V0lsmwiv7B5tx9oy6SNh6kvQ==", "user"=>{"username"=>"Kenneth Domine", "password"=>"[FILTERED]"}, "commit"=>"Log In"}
Completed 500 Internal Server Error in 125ms (ActiveRecord: 0.0ms)


  
NameError (undefined local variable or method `login_params' for #<SessionsController:0x007fc07ba68108>
Did you mean?  login_path):
  
app/controllers/sessions_controller.rb:8:in `create'
Started GET "/signup" for 127.0.0.1 at 2017-12-06 21:13:03 -0800
Processing by UsersController#new as HTML
  Rendering users/new.html.erb within layouts/application
  Rendered users/new.html.erb within layouts/application (2.4ms)
  [1m[36mUser Load (0.3ms)[0m  [1m[34mSELECT  "users".* FROM "users" WHERE "users"."id" IS NULL LIMIT $1[0m  [["LIMIT", 1]]
  [1m[36mCACHE User Load (0.0ms)[0m  [1m[34mSELECT  "users".* FROM "users" WHERE "users"."id" IS NULL LIMIT $1[0m  [["LIMIT", 1]]
  Rendered layouts/_nav.html.erb (3.2ms)
Completed 200 OK in 44ms (Views: 39.7ms | ActiveRecord: 0.4ms)


Started POST "/signup" for 127.0.0.1 at 2017-12-06 21:13:13 -0800
Processing by UsersController#create as JS
  Parameters: {"utf8"=>"✓", "authenticity_token"=>"Y33aWlMCgXjiy25va0ZCU9+QCcWbcKlSAaxKRgK968qklEDcCZAqY7KHG/Tulbqqg9hfEyTqnPPiCbq/+NCQpg==", "user"=>{"username"=>"kendomine", "password"=>"[FILTERED]", "confirm_password"=>"[FILTERED]"}, "commit"=>"Sign Up"}
Completed 500 Internal Server Error in 177ms (ActiveRecord: 0.0ms)


  
NameError (undefined local variable or method `user_params' for #<UsersController:0x007fc07cc732d0>):
  
app/controllers/users_controller.rb:10:in `create'
Started POST "/signup" for 127.0.0.1 at 2017-12-06 21:13:18 -0800
Processing by UsersController#create as JS
  Parameters: {"utf8"=>"✓", "authenticity_token"=>"Y33aWlMCgXjiy25va0ZCU9+QCcWbcKlSAaxKRgK968qklEDcCZAqY7KHG/Tulbqqg9hfEyTqnPPiCbq/+NCQpg==", "user"=>{"username"=>"kendomine", "password"=>"[FILTERED]", "confirm_password"=>"[FILTERED]"}, "commit"=>"Sign Up"}
Completed 500 Internal Server Error in 127ms (ActiveRecord: 0.0ms)


  
NameError (undefined local variable or method `user_params' for #<UsersController:0x007fc080b7fd48>):
  
app/controllers/users_controller.rb:10:in `create'
Started POST "/signup" for 127.0.0.1 at 2017-12-06 21:13:30 -0800
Processing by UsersController#create as JS
  Parameters: {"utf8"=>"✓", "authenticity_token"=>"Y33aWlMCgXjiy25va0ZCU9+QCcWbcKlSAaxKRgK968qklEDcCZAqY7KHG/Tulbqqg9hfEyTqnPPiCbq/+NCQpg==", "user"=>{"username"=>"kendomine", "password"=>"[FILTERED]", "confirm_password"=>"[FILTERED]"}, "commit"=>"Sign Up"}
Completed 500 Internal Server Error in 118ms (ActiveRecord: 0.0ms)


  
NameError (undefined local variable or method `user_params' for #<UsersController:0x007fc07c6180e8>):
  
app/controllers/users_controller.rb:10:in `create'
Started POST "/signup" for 127.0.0.1 at 2017-12-06 21:13:32 -0800
Processing by UsersController#create as JS
  Parameters: {"utf8"=>"✓", "authenticity_token"=>"Y33aWlMCgXjiy25va0ZCU9+QCcWbcKlSAaxKRgK968qklEDcCZAqY7KHG/Tulbqqg9hfEyTqnPPiCbq/+NCQpg==", "user"=>{"username"=>"kendomine", "password"=>"[FILTERED]", "confirm_password"=>"[FILTERED]"}, "commit"=>"Sign Up"}
Completed 500 Internal Server Error in 116ms (ActiveRecord: 0.0ms)


  
NameError (undefined local variable or method `user_params' for #<UsersController:0x007fc080e51850>):
  
app/controllers/users_controller.rb:10:in `create'
Started GET "/login" for 127.0.0.1 at 2017-12-06 21:17:59 -0800
Processing by SessionsController#new as HTML
  Rendering sessions/new.html.erb within layouts/application
  Rendered sessions/new.html.erb within layouts/application (1.1ms)
  [1m[36mUser Load (0.5ms)[0m  [1m[34mSELECT  "users".* FROM "users" WHERE "users"."id" IS NULL LIMIT $1[0m  [["LIMIT", 1]]
  [1m[36mCACHE User Load (0.0ms)[0m  [1m[34mSELECT  "users".* FROM "users" WHERE "users"."id" IS NULL LIMIT $1[0m  [["LIMIT", 1]]
  Rendered layouts/_nav.html.erb (5.0ms)
Completed 200 OK in 37ms (Views: 34.2ms | ActiveRecord: 0.6ms)


Started POST "/login" for 127.0.0.1 at 2017-12-06 21:18:07 -0800
Processing by SessionsController#create as JS
  Parameters: {"utf8"=>"✓", "authenticity_token"=>"Zi/qMRBCAYEnH9gYP7Wyx1jdRV0SLHv4fZjkL6aROShGxR9gSixwFtWaYPZmzpXRwSzAleOVA7eDfb1skaQ9Ig==", "user"=>{"username"=>"kendomine", "password"=>"[FILTERED]"}, "commit"=>"Log In"}
Completed 500 Internal Server Error in 134ms (ActiveRecord: 0.0ms)


  
NameError (undefined local variable or method `login_params' for #<SessionsController:0x007fc08042b088>
Did you mean?  login_path):
  
app/controllers/sessions_controller.rb:8:in `create'
Started POST "/login" for 127.0.0.1 at 2017-12-06 21:18:08 -0800
Processing by SessionsController#create as JS
  Parameters: {"utf8"=>"✓", "authenticity_token"=>"Zi/qMRBCAYEnH9gYP7Wyx1jdRV0SLHv4fZjkL6aROShGxR9gSixwFtWaYPZmzpXRwSzAleOVA7eDfb1skaQ9Ig==", "user"=>{"username"=>"kendomine", "password"=>"[FILTERED]"}, "commit"=>"Log In"}
Completed 500 Internal Server Error in 167ms (ActiveRecord: 0.0ms)


  
NameError (undefined local variable or method `login_params' for #<SessionsController:0x007fc07cbef520>
Did you mean?  login_path):
  
app/controllers/sessions_controller.rb:8:in `create'
Started GET "/" for 127.0.0.1 at 2017-12-06 21:19:20 -0800
Processing by UsersController#index as HTML
  Rendering users/index.html.erb within layouts/application
  Rendered users/index.html.erb within layouts/application (0.3ms)
  [1m[36mUser Load (0.3ms)[0m  [1m[34mSELECT  "users".* FROM "users" WHERE "users"."id" IS NULL LIMIT $1[0m  [["LIMIT", 1]]
  [1m[36mCACHE User Load (0.0ms)[0m  [1m[34mSELECT  "users".* FROM "users" WHERE "users"."id" IS NULL LIMIT $1[0m  [["LIMIT", 1]]
  Rendered layouts/_nav.html.erb (2.0ms)
Completed 200 OK in 21ms (Views: 19.1ms | ActiveRecord: 0.3ms)


Started GET "/signup" for 127.0.0.1 at 2017-12-06 21:19:22 -0800
Processing by UsersController#new as HTML
  Rendering users/new.html.erb within layouts/application
  Rendered users/new.html.erb within layouts/application (1.3ms)
  [1m[36mUser Load (0.4ms)[0m  [1m[34mSELECT  "users".* FROM "users" WHERE "users"."id" IS NULL LIMIT $1[0m  [["LIMIT", 1]]
  [1m[36mCACHE User Load (0.0ms)[0m  [1m[34mSELECT  "users".* FROM "users" WHERE "users"."id" IS NULL LIMIT $1[0m  [["LIMIT", 1]]
  Rendered layouts/_nav.html.erb (3.1ms)
Completed 200 OK in 39ms (Views: 35.5ms | ActiveRecord: 0.4ms)


Started GET "/login" for 127.0.0.1 at 2017-12-06 21:19:25 -0800
Processing by SessionsController#new as HTML
  Rendering sessions/new.html.erb within layouts/application
  Rendered sessions/new.html.erb within layouts/application (1.7ms)
  [1m[36mUser Load (0.3ms)[0m  [1m[34mSELECT  "users".* FROM "users" WHERE "users"."id" IS NULL LIMIT $1[0m  [["LIMIT", 1]]
  [1m[36mCACHE User Load (0.0ms)[0m  [1m[34mSELECT  "users".* FROM "users" WHERE "users"."id" IS NULL LIMIT $1[0m  [["LIMIT", 1]]
  Rendered layouts/_nav.html.erb (2.6ms)
Completed 200 OK in 46ms (Views: 43.8ms | ActiveRecord: 0.3ms)


Started GET "/login" for 127.0.0.1 at 2017-12-06 21:20:33 -0800
Processing by SessionsController#new as HTML
  Rendering sessions/new.html.erb within layouts/application
  Rendered sessions/new.html.erb within layouts/application (1.1ms)
  [1m[36mUser Load (0.2ms)[0m  [1m[34mSELECT  "users".* FROM "users" WHERE "users"."id" IS NULL LIMIT $1[0m  [["LIMIT", 1]]
  [1m[36mCACHE User Load (0.0ms)[0m  [1m[34mSELECT  "users".* FROM "users" WHERE "users"."id" IS NULL LIMIT $1[0m  [["LIMIT", 1]]
  Rendered layouts/_nav.html.erb (1.9ms)
Completed 200 OK in 27ms (Views: 25.7ms | ActiveRecord: 0.2ms)


Started POST "/login" for 127.0.0.1 at 2017-12-06 21:20:37 -0800
Processing by SessionsController#create as JS
  Parameters: {"utf8"=>"✓", "authenticity_token"=>"tKm5jmHur8mdsIohxZbfuwnA3M2a4KS4dNJwG9iXowX1tdUrH7UZ/SQjOIUkdTq2MRNVJoE8ZWqtVDBaoO1TnQ==", "user"=>{"username"=>"kendomine", "password"=>"[FILTERED]"}, "commit"=>"Log In"}
Completed 500 Internal Server Error in 123ms (ActiveRecord: 0.0ms)


  
NameError (undefined local variable or method `login_params' for #<SessionsController:0x007fc0804d79a0>
Did you mean?  login_path):
  
app/controllers/sessions_controller.rb:8:in `create'
Started POST "/login" for 127.0.0.1 at 2017-12-06 21:20:37 -0800
Processing by SessionsController#create as JS
  Parameters: {"utf8"=>"✓", "authenticity_token"=>"tKm5jmHur8mdsIohxZbfuwnA3M2a4KS4dNJwG9iXowX1tdUrH7UZ/SQjOIUkdTq2MRNVJoE8ZWqtVDBaoO1TnQ==", "user"=>{"username"=>"kendomine", "password"=>"[FILTERED]"}, "commit"=>"Log In"}
Completed 500 Internal Server Error in 142ms (ActiveRecord: 0.0ms)


  
NameError (undefined local variable or method `login_params' for #<SessionsController:0x007fc080cd48b0>
Did you mean?  login_path):
  
app/controllers/sessions_controller.rb:8:in `create'
Started POST "/login" for 127.0.0.1 at 2017-12-06 21:21:08 -0800
Processing by SessionsController#create as JS
  Parameters: {"utf8"=>"✓", "authenticity_token"=>"tKm5jmHur8mdsIohxZbfuwnA3M2a4KS4dNJwG9iXowX1tdUrH7UZ/SQjOIUkdTq2MRNVJoE8ZWqtVDBaoO1TnQ==", "user"=>{"username"=>"kendominnne]", "password"=>"[FILTERED]"}, "commit"=>"Log In"}
Completed 500 Internal Server Error in 170ms (ActiveRecord: 0.0ms)


  
NameError (undefined local variable or method `login_params' for #<SessionsController:0x007fc07bc3d0a0>
Did you mean?  login_path):
  
app/controllers/sessions_controller.rb:8:in `create'
Started GET "/signup" for 127.0.0.1 at 2017-12-06 21:21:12 -0800
Processing by UsersController#new as HTML
  Rendering users/new.html.erb within layouts/application
  Rendered users/new.html.erb within layouts/application (1.2ms)
  [1m[36mUser Load (0.5ms)[0m  [1m[34mSELECT  "users".* FROM "users" WHERE "users"."id" IS NULL LIMIT $1[0m  [["LIMIT", 1]]
  [1m[36mCACHE User Load (0.0ms)[0m  [1m[34mSELECT  "users".* FROM "users" WHERE "users"."id" IS NULL LIMIT $1[0m  [["LIMIT", 1]]
  Rendered layouts/_nav.html.erb (4.0ms)
Completed 200 OK in 23ms (Views: 21.2ms | ActiveRecord: 0.5ms)


Started POST "/signup" for 127.0.0.1 at 2017-12-06 21:21:34 -0800
Processing by UsersController#create as JS
  Parameters: {"utf8"=>"✓", "authenticity_token"=>"BDofYSuq6HIbYfYLzbcoPOaq4v32J08c+P92gSDFR0HD04XncThDaUstg5BIZNDFuuK0K0m9er0bWoZ42qg8LQ==", "user"=>{"username"=>"testtesttest", "password"=>"[FILTERED]", "confirm_password"=>"[FILTERED]"}, "commit"=>"Sign Up"}
Completed 500 Internal Server Error in 148ms (ActiveRecord: 0.0ms)


  
NameError (undefined local variable or method `user_params' for #<UsersController:0x007fc07cb4de78>):
  
app/controllers/users_controller.rb:10:in `create'
Started GET "/signup" for 127.0.0.1 at 2017-12-06 21:26:13 -0800
  [1m[35m (6.7ms)[0m  [1m[34mSELECT "schema_migrations"."version" FROM "schema_migrations" ORDER BY "schema_migrations"."version" ASC[0m
Processing by UsersController#new as HTML
  Rendering users/new.html.erb within layouts/application
  Rendered users/new.html.erb within layouts/application (7.6ms)
  [1m[36mUser Load (0.4ms)[0m  [1m[34mSELECT  "users".* FROM "users" WHERE "users"."id" IS NULL LIMIT $1[0m  [["LIMIT", 1]]
  [1m[36mUser Load (0.3ms)[0m  [1m[34mSELECT  "users".* FROM "users" WHERE "users"."id" IS NULL LIMIT $1[0m  [["LIMIT", 1]]
  Rendered layouts/_nav.html.erb (5.0ms)
Completed 200 OK in 263ms (Views: 233.5ms | ActiveRecord: 5.6ms)


Started POST "/signup" for 127.0.0.1 at 2017-12-06 21:26:29 -0800
Processing by UsersController#create as JS
  Parameters: {"utf8"=>"✓", "authenticity_token"=>"DCzPlo2JJuZEHrIYiwFCuwlMdAcASUNfrMNC3tgeMrFNMKMz89KQ0v2NALxq4qe2MZ/97BuVgo11RQKfoGTCKQ==", "user"=>{"username"=>"kyleken", "password"=>"[FILTERED]", "confirm_password"=>"[FILTERED]"}, "commit"=>"Sign Up"}
Completed 500 Internal Server Error in 137ms (ActiveRecord: 0.0ms)


  
NameError (undefined local variable or method `user_params' for #<UsersController:0x007fe5c24fdbe8>):
  
app/controllers/users_controller.rb:10:in `create'
